<?xml version="1.0" encoding="UTF-8"?>
<testng-results ignored="0" total="1" passed="1" failed="0" skipped="0">
  <reporter-output>
  </reporter-output>
  <suite started-at="2022-08-04T16:59:03 EDT" name="ShoppingTestProject" finished-at="2022-08-04T16:59:14 EDT" duration-ms="10930">
    <groups>
    </groups>
    <test started-at="2022-08-04T16:59:03 EDT" name="Add ShoppingCart" finished-at="2022-08-04T16:59:14 EDT" duration-ms="10930">
      <class name="testcases.TestCase_addShoppingCart">
        <test-method is-config="true" signature="setup(java.lang.String)[pri:0, instance:testcases.TestCase_addShoppingCart@795509d9]" started-at="2022-08-04T16:59:03 EDT" name="setup" finished-at="2022-08-04T16:59:10 EDT" duration-ms="6672" status="PASS">
          <params>
            <param index="0">
              <value>
                <![CDATA[chrome]]>
              </value>
            </param>
          </params>
          <reporter-output>
          </reporter-output>
        </test-method> <!-- setup -->
        <test-method signature="addShoppingCart()[pri:0, instance:testcases.TestCase_addShoppingCart@795509d9]" started-at="2022-08-04T16:59:10 EDT" name="addShoppingCart" finished-at="2022-08-04T16:59:13 EDT" duration-ms="3211" status="PASS">
          <reporter-output>
          </reporter-output>
        </test-method> <!-- addShoppingCart -->
        <test-method is-config="true" signature="teardown()[pri:0, instance:testcases.TestCase_addShoppingCart@795509d9]" started-at="2022-08-04T16:59:13 EDT" name="teardown" finished-at="2022-08-04T16:59:14 EDT" duration-ms="843" status="PASS">
          <reporter-output>
          </reporter-output>
        </test-method> <!-- teardown -->
      </class> <!-- testcases.TestCase_addShoppingCart -->
    </test> <!-- Add ShoppingCart -->
  </suite> <!-- ShoppingTestProject -->
</testng-results>
