<?xml version="1.0" encoding="UTF-8"?>
<testsuite xmlns:xsi="http://www.w3.org/2001/XMLSchema-instance" xsi:noNamespaceSchemaLocation="https://maven.apache.org/surefire/maven-surefire-plugin/xsd/surefire-test-report-3.0.xsd" version="3.0" name="TestSuite" time="12.195" tests="1" errors="0" skipped="0" failures="0">
  <properties>
[...]
</properties>
  <testcase name="addShoppingCart" classname="testcases.TestCase_addShoppingCart" time="3.224">
    <system-out><![CDATA[[INFO ] 2022-08-04 16:59:10,522 method:testcases.BaseClass.setup(BaseClass.java:65)
open urlhttps://www.roots.com/on/demandware.store/Sites-RootsCA-Site/en_CA/Account-Show
[INFO ] 2022-08-04 16:59:13,606 method:testcases.TestCase_addShoppingCart.addShoppingCart(TestCase_addShoppingCart.java:20)
login with username1659145340@qq.com,password:1204fighting
[INFO ] 2022-08-04 16:59:13,743 method:testcases.TestCase_addShoppingCart.addShoppingCart(TestCase_addShoppingCart.java:28)
testcase pass
]]></system-out>
    <system-err><![CDATA[SLF4J: Failed to load class "org.slf4j.impl.StaticLoggerBinder".
SLF4J: Defaulting to no-operation (NOP) logger implementation
SLF4J: See http://www.slf4j.org/codes.html#StaticLoggerBinder for further details.
Starting ChromeDriver 103.0.5060.134 (8ec6fce403b3feb0869b0732eda8bd95011d333c-refs/branch-heads/5060@{#1262}) on port 60785
Only local connections are allowed.
Please see https://chromedriver.chromium.org/security-considerations for suggestions on keeping ChromeDriver safe.
ChromeDriver was started successfully.
Aug 04, 2022 4:59:07 PM org.openqa.selenium.remote.ProtocolHandshake createSession
INFO: Detected upstream dialect: W3C
Aug 04, 2022 4:59:07 PM org.openqa.selenium.devtools.CdpVersionFinder findNearestMatch
INFO: Found exact CDP implementation for version 103
]]></system-err>
  </testcase>
</testsuite>